<?xml version="1.0" encoding="UTF-8"?>
<!-- Generated by org.testng.reporters.JUnitReportReporter -->
<testsuite skipped="0" hostname="LAPTOP-GEAVMM5J" name="com.Maintenance.tests.TC_04_Maintenance_Master" tests="2" failures="0" timestamp="21 Apr 2020 15:06:52 GMT" time="21.361" errors="0">
  <testcase name="Create_ServiceCategory_Maintenance" time="11.560" classname="com.Maintenance.tests.TC_04_Maintenance_Master"/>
  <testcase name="Create_ComplaintType_Maintenance" time="9.801" classname="com.Maintenance.tests.TC_04_Maintenance_Master"/>
</testsuite> <!-- com.Maintenance.tests.TC_04_Maintenance_Master -->
