<?xml version="1.0" encoding="UTF-8"?>
<!-- Generated by org.testng.reporters.JUnitReportReporter -->
<testsuite skipped="0" hostname="LAPTOP-GEAVMM5J" name="com.Maintenance.tests.TC_06_Accounts_Master" tests="2" failures="0" timestamp="23 Apr 2020 08:07:41 GMT" time="22.550" errors="0">
  <testcase name="Create_Customer_Accounts" time="12.178" classname="com.Maintenance.tests.TC_06_Accounts_Master"/>
  <testcase name="Create_Vender_Accounts" time="10.372" classname="com.Maintenance.tests.TC_06_Accounts_Master"/>
</testsuite> <!-- com.Maintenance.tests.TC_06_Accounts_Master -->
