<?xml version="1.0" encoding="UTF-8"?>
<!-- Generated by org.testng.reporters.JUnitReportReporter -->
<testsuite skipped="0" hostname="LAPTOP-GEAVMM5J" name="com.Maintenance.tests.TC_02_Inventory_Master" tests="8" failures="0" timestamp="20 Apr 2020 13:21:19 GMT" time="86.938" errors="0">
  <testcase name="CreateCtgry_Inventory" time="6.966" classname="com.Maintenance.tests.TC_02_Inventory_Master"/>
  <testcase name="CreateCtgry_Inventory" time="7.820" classname="com.Maintenance.tests.TC_02_Inventory_Master"/>
  <testcase name="CreateBrand_Inventory" time="7.305" classname="com.Maintenance.tests.TC_02_Inventory_Master"/>
  <testcase name="CreateBrand_Inventory" time="6.988" classname="com.Maintenance.tests.TC_02_Inventory_Master"/>
  <testcase name="CreateUOM_Inventory" time="6.815" classname="com.Maintenance.tests.TC_02_Inventory_Master"/>
  <testcase name="CreateUOM_Inventory" time="6.840" classname="com.Maintenance.tests.TC_02_Inventory_Master"/>
  <testcase name="CreateSpare_Inventory" time="22.261" classname="com.Maintenance.tests.TC_02_Inventory_Master"/>
  <testcase name="CreateSpare_Inventory" time="21.943" classname="com.Maintenance.tests.TC_02_Inventory_Master"/>
</testsuite> <!-- com.Maintenance.tests.TC_02_Inventory_Master -->
