<?xml version="1.0" encoding="UTF-8"?>
<!-- Generated by org.testng.reporters.JUnitReportReporter -->
<testsuite skipped="5" hostname="LAPTOP-GEAVMM5J" name="com.Maintenance.tests.TC_03_Customer_Master" tests="6" failures="0" timestamp="21 Apr 2020 10:57:45 GMT" time="15.578" errors="0">
  <testcase name="Create_Branch_Customer" time="15.578" classname="com.Maintenance.tests.TC_03_Customer_Master"/>
  <testcase name="CreateNationality_Customer" classname="com.Maintenance.tests.TC_03_Customer_Master">
    <skipped/>
  </testcase> <!-- CreateNationality_Customer -->
  <testcase name="CreateArea_Customer" classname="com.Maintenance.tests.TC_03_Customer_Master">
    <skipped/>
  </testcase> <!-- CreateArea_Customer -->
  <testcase name="Create_CorpConsumer_Customer" classname="com.Maintenance.tests.TC_03_Customer_Master">
    <skipped/>
  </testcase> <!-- Create_CorpConsumer_Customer -->
  <testcase name="CreateCity_Customer" classname="com.Maintenance.tests.TC_03_Customer_Master">
    <skipped/>
  </testcase> <!-- CreateCity_Customer -->
  <testcase name="Create_IndConsumer_Customer" classname="com.Maintenance.tests.TC_03_Customer_Master">
    <skipped/>
  </testcase> <!-- Create_IndConsumer_Customer -->
</testsuite> <!-- com.Maintenance.tests.TC_03_Customer_Master -->
