<?xml version="1.0" encoding="UTF-8"?>
<!-- Generated by org.testng.reporters.JUnitReportReporter -->
<testsuite skipped="2" hostname="LAPTOP-GEAVMM5J" name="com.Maintenance.tests.TC_05_HR_Master" tests="4" failures="0" timestamp="22 Apr 2020 12:53:48 GMT" time="72.302" errors="0">
  <testcase name="Create_Employee_HR" time="36.762" classname="com.Maintenance.tests.TC_05_HR_Master"/>
  <testcase name="Create_Employee_HR" time="35.540" classname="com.Maintenance.tests.TC_05_HR_Master"/>
  <testcase name="Create_Designation_HR" classname="com.Maintenance.tests.TC_05_HR_Master">
    <skipped/>
  </testcase> <!-- Create_Designation_HR -->
  <testcase name="Create_AdditionDeduction_HR" classname="com.Maintenance.tests.TC_05_HR_Master">
    <skipped/>
  </testcase> <!-- Create_AdditionDeduction_HR -->
</testsuite> <!-- com.Maintenance.tests.TC_05_HR_Master -->
